<?xml version="1.0" encoding="UTF-8"?>
<!-- Generated by org.testng.reporters.JUnitReportReporter -->
<testsuite hostname="Nastel2" name="GlobalRepositories.GlobalRepo_SampleEUM" tests="3" failures="0" timestamp="3 Apr 2020 12:22:13 GMT" time="162.233" errors="0">
  <testcase name="Login" time="40.861" classname="GlobalRepositories.GlobalRepo_SampleEUM"/>
  <testcase name="SelectRepositories" time="44.148" classname="GlobalRepositories.GlobalRepo_SampleEUM"/>
  <testcase name="Popular_Browsers" time="77.224" classname="GlobalRepositories.GlobalRepo_SampleEUM"/>
</testsuite> <!-- GlobalRepositories.GlobalRepo_SampleEUM -->
