<?xml version="1.0" encoding="UTF-8"?>
<!-- Generated by org.testng.reporters.JUnitReportReporter -->
<testsuite hostname="DESKTOP-E1JT2VR" name="MenuBar.FeedBack" tests="3" failures="0" timestamp="7 Aug 2019 10:38:00 GMT" time="55.075" errors="0">
  <testcase name="Login" time="37.130" classname="MenuBar.FeedBack"/>
  <testcase name="FeedbackVerification" time="13.320" classname="MenuBar.FeedBack"/>
  <testcase name="Logout" time="4.625" classname="MenuBar.FeedBack"/>
</testsuite> <!-- MenuBar.FeedBack -->
