<?xml version="1.0" encoding="UTF-8"?>
<!-- Generated by org.testng.reporters.JUnitReportReporter -->
<testsuite hostname="DESKTOP-E1JT2VR" name="AdminSettings.Horizontal" tests="1" failures="0" timestamp="5 Aug 2019 09:41:48 GMT" time="17.030" errors="0">
  <testcase name="ScrollHorizontally" time="17.030" classname="AdminSettings.Horizontal"/>
</testsuite> <!-- AdminSettings.Horizontal -->
