<?xml version="1.0" encoding="UTF-8"?>
<!-- Generated by org.testng.reporters.JUnitReportReporter -->
<testsuite hostname="Nastel2" name="test" tests="2" failures="0" timestamp="21 Nov 2019 12:06:11 GMT" time="126.960" errors="0">
  <testcase name="Login" time="49.947" classname="test"/>
  <testcase name="ChangePasswordFromMenu" time="77.013" classname="test"/>
</testsuite> <!-- test -->
