<?xml version="1.0" encoding="UTF-8"?>
<!-- Generated by org.testng.reporters.JUnitReportReporter -->
<testsuite skipped="0" hostname="LAPTOP-P3LD1OLC" name="AdminSettings.AdminSettings_AlertsTab" tests="17" failures="0" timestamp="29 Jan 2021 08:11:17 GMT" time="314.712" errors="0">
  <testcase name="Login" time="48.687" classname="AdminSettings.AdminSettings_AlertsTab"/>
  <testcase name="CreateAlert" time="51.894" classname="AdminSettings.AdminSettings_AlertsTab"/>
  <testcase name="ActionTypeCheckboxInAlertTab" time="32.985" classname="AdminSettings.AdminSettings_AlertsTab"/>
  <testcase name="BrowseAvailablePlaceholderLinkInAlertTab" time="7.201" classname="AdminSettings.AdminSettings_AlertsTab"/>
  <testcase name="SetDefaultValuesInAlertTab" time="5.305" classname="AdminSettings.AdminSettings_AlertsTab"/>
  <testcase name="TestAndFinishButtonsVerificationBeforEnterTheName" time="2.140" classname="AdminSettings.AdminSettings_AlertsTab"/>
  <testcase name="TestAndFinishButtonsVerificationAfterEnterTheName" time="16.550" classname="AdminSettings.AdminSettings_AlertsTab"/>
  <testcase name="TestButtonFunctionalityVerification" time="27.218" classname="AdminSettings.AdminSettings_AlertsTab"/>
  <testcase name="CreateButtonFunctinalityVerification" time="13.015" classname="AdminSettings.AdminSettings_AlertsTab"/>
  <testcase name="SerachInManageActionsTab" time="13.003" classname="AdminSettings.AdminSettings_AlertsTab"/>
  <testcase name="EditAction" time="11.372" classname="AdminSettings.AdminSettings_AlertsTab"/>
  <testcase name="CopyAction" time="16.130" classname="AdminSettings.AdminSettings_AlertsTab"/>
  <testcase name="DeleteAction" time="7.548" classname="AdminSettings.AdminSettings_AlertsTab"/>
  <testcase name="SearchInManageAlertsTab" time="15.004" classname="AdminSettings.AdminSettings_AlertsTab"/>
  <testcase name="EditAlert" time="20.659" classname="AdminSettings.AdminSettings_AlertsTab"/>
  <testcase name="DeleteAlert" time="17.346" classname="AdminSettings.AdminSettings_AlertsTab"/>
  <testcase name="Logout" time="8.655" classname="AdminSettings.AdminSettings_AlertsTab"/>
</testsuite> <!-- AdminSettings.AdminSettings_AlertsTab -->
