<?xml version="1.0" encoding="UTF-8"?>
<!-- Generated by org.testng.reporters.JUnitReportReporter -->
<testsuite skipped="0" hostname="LAPTOP-P3LD1OLC" name="AdminSettings.AdminSettings_Set" tests="5" failures="0" timestamp="29 Jan 2021 08:52:48 GMT" time="169.731" errors="0">
  <testcase name="Login" time="54.787" classname="AdminSettings.AdminSettings_Set"/>
  <testcase name="CreateSet" time="37.652" classname="AdminSettings.AdminSettings_Set"/>
  <testcase name="EditSet" time="40.599" classname="AdminSettings.AdminSettings_Set"/>
  <testcase name="Logout" time="8.895" classname="AdminSettings.AdminSettings_Set"/>
  <testcase name="DeleteSet" time="27.798" classname="AdminSettings.AdminSettings_Set"/>
</testsuite> <!-- AdminSettings.AdminSettings_Set -->
