<?xml version="1.0" encoding="UTF-8"?>
<!-- Generated by org.testng.reporters.JUnitReportReporter -->
<testsuite hostname="DESKTOP-E1JT2VR" name="ViewletLevel.tesssst" tests="1" failures="0" timestamp="3 Jul 2019 12:49:44 GMT" time="66.148" errors="0">
  <testcase name="Login" time="66.148" classname="ViewletLevel.tesssst"/>
</testsuite> <!-- ViewletLevel.tesssst -->
