<?xml version="1.0" encoding="UTF-8"?>
<!-- Generated by org.testng.reporters.JUnitReportReporter -->
<testsuite hostname="DESKTOP-E1JT2VR" name="ViewletLevel.ConsolePage" tests="16" failures="0" timestamp="18 Jul 2019 11:10:10 GMT" time="153.114" errors="0">
  <testcase name="CloseButton" time="2.238" classname="ViewletLevel.ConsolePage"/>
  <testcase name="ConsoleViewletRefresh" time="2.176" classname="ViewletLevel.ConsolePage"/>
  <testcase name="CheckOptionsStatusWithOutQuery" time="1.365" classname="ViewletLevel.ConsolePage"/>
  <testcase name="EnterQueryIntoConsoleViewlet" time="4.968" classname="ViewletLevel.ConsolePage"/>
  <testcase name="CheckOptionsStatusWithQuery" time="1.139" classname="ViewletLevel.ConsolePage"/>
  <testcase name="EditConsoleViewletQuery" time="7.521" classname="ViewletLevel.ConsolePage"/>
  <testcase name="ApplyButton" time="3.256" classname="ViewletLevel.ConsolePage"/>
  <testcase name="ConsoleViewletExportOption" time="8.400" classname="ViewletLevel.ConsolePage"/>
  <testcase name="ConsoleViewletEditOptionFromViewletMenu" time="15.846" classname="ViewletLevel.ConsolePage"/>
  <testcase name="Login" time="71.161" classname="ViewletLevel.ConsolePage"/>
  <testcase name="Console" time="3.281" classname="ViewletLevel.ConsolePage"/>
  <testcase name="CreateViewlet" time="6.828" classname="ViewletLevel.ConsolePage"/>
  <testcase name="Logout" time="4.417" classname="ViewletLevel.ConsolePage"/>
  <testcase name="ConsoleViewletEditOption" time="6.510" classname="ViewletLevel.ConsolePage"/>
  <testcase name="PreviewButton" time="9.764" classname="ViewletLevel.ConsolePage"/>
  <testcase name="ConsoleViewletExport" time="4.244" classname="ViewletLevel.ConsolePage"/>
</testsuite> <!-- ViewletLevel.ConsolePage -->
