<?xml version="1.0" encoding="UTF-8"?>
<!-- Generated by org.testng.reporters.JUnitReportReporter -->
<testsuite hostname="Nastel2" name="GlobalRepositories.GlobalRepo_SampleMobile" tests="3" failures="0" timestamp="10 Apr 2020 12:58:17 GMT" time="175.372" errors="0">
  <testcase name="SelectRepositories" time="53.563" classname="GlobalRepositories.GlobalRepo_SampleMobile"/>
  <testcase name="Login" time="41.783" classname="GlobalRepositories.GlobalRepo_SampleMobile"/>
  <testcase name="Anomalies_via_Bollinger_Bands" time="80.026" classname="GlobalRepositories.GlobalRepo_SampleMobile"/>
</testsuite> <!-- GlobalRepositories.GlobalRepo_SampleMobile -->
