<?xml version="1.0" encoding="UTF-8"?>
<!-- Generated by org.testng.reporters.JUnitReportReporter -->
<testsuite hostname="Nastel2" name="GlobalRepositories.GlobalRepo_SampleBanking" tests="21" failures="0" timestamp="29 Jun 2020 07:04:15 GMT" time="763.707" errors="0">
  <testcase name="Business_View_Summary" time="36.571" classname="GlobalRepositories.GlobalRepo_SampleBanking"/>
  <testcase name="AD_HOCK_Transaction_Analysis" time="21.768" classname="GlobalRepositories.GlobalRepo_SampleBanking"/>
  <testcase name="send_recive_message_countByapp_recon" time="24.818" classname="GlobalRepositories.GlobalRepo_SampleBanking"/>
  <testcase name="Treasury_market_Message_Volume" time="1.008" classname="GlobalRepositories.GlobalRepo_SampleBanking"/>
  <testcase name="list_ofLong_running_operation" time="22.036" classname="GlobalRepositories.GlobalRepo_SampleBanking"/>
  <testcase name="Transaction_Tracking_Summary" time="43.463" classname="GlobalRepositories.GlobalRepo_SampleBanking"/>
  <testcase name="AD_HOCK_Transaction_Analysis2" time="21.341" classname="GlobalRepositories.GlobalRepo_SampleBanking"/>
  <testcase name="SLA_Violations_consoleCounts" time="29.230" classname="GlobalRepositories.GlobalRepo_SampleBanking"/>
  <testcase name="ReconcileSummary" time="22.701" classname="GlobalRepositories.GlobalRepo_SampleBanking"/>
  <testcase name="complete_activities" time="30.284" classname="GlobalRepositories.GlobalRepo_SampleBanking"/>
  <testcase name="complete_activities_ConsoleCounts" time="31.094" classname="GlobalRepositories.GlobalRepo_SampleBanking"/>
  <testcase name="Business_View_Summary_Counts" time="65.061" classname="GlobalRepositories.GlobalRepo_SampleBanking"/>
  <testcase name="failed_transaction" time="41.760" classname="GlobalRepositories.GlobalRepo_SampleBanking"/>
  <testcase name="Treasury_market_summary_viewlet" time="29.001" classname="GlobalRepositories.GlobalRepo_SampleBanking"/>
  <testcase name="Busines_step" time="25.185" classname="GlobalRepositories.GlobalRepo_SampleBanking"/>
  <testcase name="SelectRepositories" time="47.848" classname="GlobalRepositories.GlobalRepo_SampleBanking"/>
  <testcase name="Treasury_market_SLA_Violations" time="23.215" classname="GlobalRepositories.GlobalRepo_SampleBanking"/>
  <testcase name="Login" time="55.530" classname="GlobalRepositories.GlobalRepo_SampleBanking"/>
  <testcase name="SLA_Violations" time="25.792" classname="GlobalRepositories.GlobalRepo_SampleBanking"/>
  <testcase name="Payment_in_Progress" time="26.639" classname="GlobalRepositories.GlobalRepo_SampleBanking"/>
  <testcase name="counterparty_SLA" time="139.362" classname="GlobalRepositories.GlobalRepo_SampleBanking"/>
</testsuite> <!-- GlobalRepositories.GlobalRepo_SampleBanking -->
