<?xml version="1.0" encoding="UTF-8"?>
<!-- Generated by org.testng.reporters.JUnitReportReporter -->
<testsuite skipped="0" hostname="LAPTOP-P3LD1OLC" name="EditViewletFilterOptions.EditViewletPage_EditViewletFilterOptions" tests="11" failures="0" timestamp="29 Jan 2021 09:06:09 GMT" time="668.789" errors="0">
  <testcase name="Login" time="67.114" classname="EditViewletFilterOptions.EditViewletPage_EditViewletFilterOptions"/>
  <testcase name="CreateViewletWithQuery" time="19.587" classname="EditViewletFilterOptions.EditViewletPage_EditViewletFilterOptions"/>
  <testcase name="Event" time="127.062" classname="EditViewletFilterOptions.EditViewletPage_EditViewletFilterOptions"/>
  <testcase name="Activity" time="119.104" classname="EditViewletFilterOptions.EditViewletPage_EditViewletFilterOptions"/>
  <testcase name="Snapshot" time="73.261" classname="EditViewletFilterOptions.EditViewletPage_EditViewletFilterOptions"/>
  <testcase name="Job" time="65.605" classname="EditViewletFilterOptions.EditViewletPage_EditViewletFilterOptions"/>
  <testcase name="Log" time="52.133" classname="EditViewletFilterOptions.EditViewletPage_EditViewletFilterOptions"/>
  <testcase name="Relative" time="63.913" classname="EditViewletFilterOptions.EditViewletPage_EditViewletFilterOptions"/>
  <testcase name="Resource" time="38.612" classname="EditViewletFilterOptions.EditViewletPage_EditViewletFilterOptions"/>
  <testcase name="Source" time="34.621" classname="EditViewletFilterOptions.EditViewletPage_EditViewletFilterOptions"/>
  <testcase name="Logout" time="7.777" classname="EditViewletFilterOptions.EditViewletPage_EditViewletFilterOptions"/>
</testsuite> <!-- EditViewletFilterOptions.EditViewletPage_EditViewletFilterOptions -->
