<?xml version="1.0" encoding="UTF-8"?>
<!-- Generated by org.testng.reporters.JUnitReportReporter -->
<testsuite skipped="0" hostname="LAPTOP-P3LD1OLC" name="ViewletLevel.ViewletLevel_ExistingViewlet" tests="10" failures="0" timestamp="29 Jan 2021 10:15:05 GMT" time="129.828" errors="0">
  <testcase name="Login" time="49.365" classname="ViewletLevel.ViewletLevel_ExistingViewlet"/>
  <testcase name="OpenExistingViewletPopup" time="12.497" classname="ViewletLevel.ViewletLevel_ExistingViewlet"/>
  <testcase name="AllOptionsStatus" time="6.149" classname="ViewletLevel.ViewletLevel_ExistingViewlet"/>
  <testcase name="ViewByFiletrDetailsOption" time="5.263" classname="ViewletLevel.ViewletLevel_ExistingViewlet"/>
  <testcase name="SortByAlphabetically" time="9.000" classname="ViewletLevel.ViewletLevel_ExistingViewlet"/>
  <testcase name="ValidSearch" time="9.675" classname="ViewletLevel.ViewletLevel_ExistingViewlet"/>
  <testcase name="InValidSearch" time="9.695" classname="ViewletLevel.ViewletLevel_ExistingViewlet"/>
  <testcase name="ButtonsStatus" time="2.467" classname="ViewletLevel.ViewletLevel_ExistingViewlet"/>
  <testcase name="OpenExistingViewlet" time="15.958" classname="ViewletLevel.ViewletLevel_ExistingViewlet"/>
  <testcase name="Logout" time="9.759" classname="ViewletLevel.ViewletLevel_ExistingViewlet"/>
</testsuite> <!-- ViewletLevel.ViewletLevel_ExistingViewlet -->
