<?xml version="1.0" encoding="UTF-8"?>
<!-- Generated by org.testng.reporters.JUnitReportReporter -->
<testsuite hostname="DESKTOP-E1JT2VR" name="ViewletLevel.EditViewletOption" tests="13" failures="0" timestamp="15 Jul 2019 13:06:12 GMT" time="127.461" errors="0">
  <testcase name="DeleteOption" time="1.035" classname="ViewletLevel.EditViewletOption"/>
  <testcase name="SaveOption" time="2.188" classname="ViewletLevel.EditViewletOption"/>
  <testcase name="EditOptionInViewletMenu" time="4.332" classname="ViewletLevel.EditViewletOption"/>
  <testcase name="ExportOption" time="1.052" classname="ViewletLevel.EditViewletOption"/>
  <testcase name="CloseButton" time="8.529" classname="ViewletLevel.EditViewletOption"/>
  <testcase name="CreateViewletWithAForm" time="7.324" classname="ViewletLevel.EditViewletOption"/>
  <testcase name="Logout" time="4.589" classname="ViewletLevel.EditViewletOption"/>
  <testcase name="ApplyButton" time="3.192" classname="ViewletLevel.EditViewletOption"/>
  <testcase name="Login" time="65.359" classname="ViewletLevel.EditViewletOption"/>
  <testcase name="PreviewButton" time="5.433" classname="ViewletLevel.EditViewletOption"/>
  <testcase name="RemoveOption" time="12.760" classname="ViewletLevel.EditViewletOption"/>
  <testcase name="EditviewletWindowOptions" time="10.620" classname="ViewletLevel.EditViewletOption"/>
  <testcase name="SaveAsOption" time="1.048" classname="ViewletLevel.EditViewletOption"/>
</testsuite> <!-- ViewletLevel.EditViewletOption -->
