<?xml version="1.0" encoding="UTF-8"?>
<!-- Generated by org.testng.reporters.JUnitReportReporter -->
<testsuite skipped="0" hostname="LAPTOP-P3LD1OLC" name="MenuBar.MenuBar_Viewlet" tests="7" failures="0" timestamp="29 Jan 2021 11:39:51 GMT" time="165.429" errors="0">
  <testcase name="Login" time="48.991" classname="MenuBar.MenuBar_Viewlet"/>
  <testcase name="CreateViewletWithQueryFromMenubar" time="28.475" classname="MenuBar.MenuBar_Viewlet"/>
  <testcase name="CreateViewletWithAFormFromMenubar" time="21.472" classname="MenuBar.MenuBar_Viewlet"/>
  <testcase name="OpenExistingViewletFromMenubar" time="30.273" classname="MenuBar.MenuBar_Viewlet"/>
  <testcase name="VerifyOpenViewletOptionsFromMenubar" time="17.886" classname="MenuBar.MenuBar_Viewlet"/>
  <testcase name="CreateviewletFromOpenOption" time="14.849" classname="MenuBar.MenuBar_Viewlet"/>
  <testcase name="Logout" time="3.483" classname="MenuBar.MenuBar_Viewlet"/>
</testsuite> <!-- MenuBar.MenuBar_Viewlet -->
