<?xml version="1.0" encoding="UTF-8"?>
<!-- Generated by org.testng.reporters.JUnitReportReporter -->
<testsuite hostname="DESKTOP-E1JT2VR" name="AdminSettings.Schemas" tests="8" failures="0" timestamp="6 Aug 2019 09:23:58 GMT" time="206.686" errors="0">
  <testcase name="Logout" time="4.418" classname="AdminSettings.Schemas"/>
  <testcase name="Login" time="39.614" classname="AdminSettings.Schemas"/>
  <testcase name="EditSchema" time="75.185" classname="AdminSettings.Schemas"/>
  <testcase name="AddSchematoDashboard" time="6.504" classname="AdminSettings.Schemas"/>
  <testcase name="DeleteSchema" time="10.613" classname="AdminSettings.Schemas"/>
  <testcase name="SchemaSearch" time="46.136" classname="AdminSettings.Schemas"/>
  <testcase name="VerificationOfSchemaAppliedToDashboard" time="20.843" classname="AdminSettings.Schemas"/>
  <testcase name="CreateSchema" time="3.373" classname="AdminSettings.Schemas"/>
</testsuite> <!-- AdminSettings.Schemas -->
