<?xml version="1.0" encoding="UTF-8"?>
<!-- Generated by org.testng.reporters.JUnitReportReporter -->
<testsuite hostname="Nastel2" name="ChangeViewletChart" tests="2" failures="0" timestamp="6 Feb 2020 07:58:26 GMT" time="140.529" errors="0">
  <testcase name="ChartTypes" time="103.490" classname="ChangeViewletChart"/>
  <testcase name="Login" time="37.039" classname="ChangeViewletChart"/>
</testsuite> <!-- ChangeViewletChart -->
