<?xml version="1.0" encoding="UTF-8"?>
<!-- Generated by org.testng.reporters.JUnitReportReporter -->
<testsuite hostname="DESKTOP-E1JT2VR" name="AdminSettings.Horizontalscroll" tests="1" failures="0" timestamp="5 Aug 2019 10:15:13 GMT" time="71.034" errors="0">
  <testcase name="ScrollHorizontally" time="71.034" classname="AdminSettings.Horizontalscroll"/>
</testsuite> <!-- AdminSettings.Horizontalscroll -->
