<?xml version="1.0" encoding="UTF-8"?>
<!-- Generated by org.testng.reporters.JUnitReportReporter -->
<testsuite skipped="0" hostname="LAPTOP-P3LD1OLC" name="MenuBar.MenuBar_LandingPage" tests="3" failures="0" timestamp="29 Jan 2021 11:17:51 GMT" time="84.189" errors="0">
  <testcase name="Login" time="46.629" classname="MenuBar.MenuBar_LandingPage"/>
  <testcase name="LandingPageVerification" time="28.260" classname="MenuBar.MenuBar_LandingPage"/>
  <testcase name="Logout" time="9.300" classname="MenuBar.MenuBar_LandingPage"/>
</testsuite> <!-- MenuBar.MenuBar_LandingPage -->
