<?xml version="1.0" encoding="UTF-8"?>
<!-- Generated by org.testng.reporters.JUnitReportReporter -->
<testsuite skipped="0" hostname="LAPTOP-P3LD1OLC" name="SummaryViewlets.SummaryViewlet_CreateSummaryBasedOnObjectives" tests="3" failures="0" timestamp="29 Jan 2021 09:33:52 GMT" time="102.141" errors="0">
  <testcase name="Login" time="56.189" classname="SummaryViewlets.SummaryViewlet_CreateSummaryBasedOnObjectives"/>
  <testcase name="CreateSummaryViewletBasedOnObjectives" time="36.192" classname="SummaryViewlets.SummaryViewlet_CreateSummaryBasedOnObjectives"/>
  <testcase name="Logout" time="9.760" classname="SummaryViewlets.SummaryViewlet_CreateSummaryBasedOnObjectives"/>
</testsuite> <!-- SummaryViewlets.SummaryViewlet_CreateSummaryBasedOnObjectives -->
