<?xml version="1.0" encoding="UTF-8"?>
<!-- Generated by org.testng.reporters.JUnitReportReporter -->
<testsuite hostname="Nastel2" name="ShareViewlet" tests="2" failures="0" timestamp="23 Jan 2020 08:17:26 GMT" time="72.724" errors="0">
  <testcase name="Login" time="36.933" classname="ShareViewlet"/>
  <testcase name="shareviewlet" time="35.791" classname="ShareViewlet"/>
</testsuite> <!-- ShareViewlet -->
