<?xml version="1.0" encoding="UTF-8"?>
<!-- Generated by org.testng.reporters.JUnitReportReporter -->
<testsuite hostname="Nastel2" name="Newscripts.dashbordOption" tests="7" failures="0" timestamp="6 Feb 2020 07:19:40 GMT" time="212.411" errors="0">
  <testcase name="CreateDashboardandViewlet" time="35.304" classname="Newscripts.dashbordOption"/>
  <testcase name="Configure" time="52.110" classname="Newscripts.dashbordOption"/>
  <testcase name="SaveAs" time="20.154" classname="Newscripts.dashbordOption"/>
  <testcase name="SetDefultDashborad" time="40.274" classname="Newscripts.dashbordOption"/>
  <testcase name="Login" time="28.937" classname="Newscripts.dashbordOption"/>
  <testcase name="closeTabOftheRight" time="16.010" classname="Newscripts.dashbordOption"/>
  <testcase name="saveDashboard" time="19.622" classname="Newscripts.dashbordOption"/>
</testsuite> <!-- Newscripts.dashbordOption -->
