<?xml version="1.0" encoding="UTF-8"?>
<!-- Generated by org.testng.reporters.JUnitReportReporter -->
<testsuite hostname="Nastel2" name="DataTypes.DataTypes_ViewletVerifications1" tests="4" failures="0" timestamp="19 Nov 2019 13:28:54 GMT" time="89.764" errors="0">
  <testcase name="Login" time="52.130" classname="DataTypes.DataTypes_ViewletVerifications1"/>
  <testcase name="Activity" time="10.412" classname="DataTypes.DataTypes_ViewletVerifications1"/>
  <testcase name="Event" time="15.227" classname="DataTypes.DataTypes_ViewletVerifications1"/>
  <testcase name="CreateViewletWithQuery" time="11.995" classname="DataTypes.DataTypes_ViewletVerifications1"/>
</testsuite> <!-- DataTypes.DataTypes_ViewletVerifications1 -->
