<?xml version="1.0" encoding="UTF-8"?>
<!-- Generated by org.testng.reporters.JUnitReportReporter -->
<testsuite skipped="0" hostname="LAPTOP-P3LD1OLC" name="MenuBar.MenuBar_FeedBack" tests="3" failures="0" timestamp="29 Jan 2021 10:57:40 GMT" time="75.131" errors="0">
  <testcase name="Login" time="44.402" classname="MenuBar.MenuBar_FeedBack"/>
  <testcase name="FeedbackVerification" time="22.588" classname="MenuBar.MenuBar_FeedBack"/>
  <testcase name="Logout" time="8.141" classname="MenuBar.MenuBar_FeedBack"/>
</testsuite> <!-- MenuBar.MenuBar_FeedBack -->
