<?xml version="1.0" encoding="UTF-8"?>
<!-- Generated by org.testng.reporters.JUnitReportReporter -->
<testsuite hostname="DESKTOP-E1JT2VR" name="AdminSettings.Licence" tests="3" failures="0" timestamp="18 Jul 2019 11:34:38 GMT" time="83.747" errors="0">
  <testcase name="LicenseFromSettings" time="21.790" classname="AdminSettings.Licence"/>
  <testcase name="Logout" time="4.622" classname="AdminSettings.Licence"/>
  <testcase name="Login" time="57.335" classname="AdminSettings.Licence"/>
</testsuite> <!-- AdminSettings.Licence -->
