<?xml version="1.0" encoding="UTF-8"?>
<!-- Generated by org.testng.reporters.JUnitReportReporter -->
<testsuite hostname="DESKTOP-E1JT2VR" name="AdminSettings.Date" tests="2" failures="0" timestamp="6 Aug 2019 10:08:40 GMT" time="81.383" errors="0">
  <testcase name="testing" time="39.321" classname="AdminSettings.Date"/>
  <testcase name="Dates" time="42.062" classname="AdminSettings.Date"/>
</testsuite> <!-- AdminSettings.Date -->
