<?xml version="1.0" encoding="UTF-8"?>
<!-- Generated by org.testng.reporters.JUnitReportReporter -->
<testsuite skipped="0" hostname="LAPTOP-P3LD1OLC" name="AdminSettings.AdminSettings_Graph" tests="7" failures="0" timestamp="29 Jan 2021 08:31:10 GMT" time="250.133" errors="0">
  <testcase name="Login" time="95.841" classname="AdminSettings.AdminSettings_Graph"/>
  <testcase name="OpenGraphSettings" time="14.750" classname="AdminSettings.AdminSettings_Graph"/>
  <testcase name="CheckSeveritySettings" time="54.748" classname="AdminSettings.AdminSettings_Graph"/>
  <testcase name="ChangeSeveritySettings" time="17.508" classname="AdminSettings.AdminSettings_Graph"/>
  <testcase name="ChangeSeveritybyStandardcolor" time="18.094" classname="AdminSettings.AdminSettings_Graph"/>
  <testcase name="ChangeSeveritybyWebcolor" time="38.109" classname="AdminSettings.AdminSettings_Graph"/>
  <testcase name="Logout" time="11.083" classname="AdminSettings.AdminSettings_Graph"/>
</testsuite> <!-- AdminSettings.AdminSettings_Graph -->
