<?xml version="1.0" encoding="UTF-8"?>
<!-- Generated by org.testng.reporters.JUnitReportReporter -->
<testsuite hostname="DESKTOP-E1JT2VR" name="SummaryViewlets.CreateSummaryBasedOnObjectives" tests="3" failures="0" timestamp="18 Jul 2019 11:14:55 GMT" time="87.946" errors="0">
  <testcase name="Login" time="67.215" classname="SummaryViewlets.CreateSummaryBasedOnObjectives"/>
  <testcase name="CreateSummaryViewletBasedOnObjectives" time="16.331" classname="SummaryViewlets.CreateSummaryBasedOnObjectives"/>
  <testcase name="Logout" time="4.400" classname="SummaryViewlets.CreateSummaryBasedOnObjectives"/>
</testsuite> <!-- SummaryViewlets.CreateSummaryBasedOnObjectives -->
