<?xml version="1.0" encoding="UTF-8"?>
<!-- Generated by org.testng.reporters.JUnitReportReporter -->
<testsuite hostname="DESKTOP-E1JT2VR" name="MenuBar.About" tests="3" failures="0" timestamp="7 Aug 2019 10:38:00 GMT" time="46.809" errors="0">
  <testcase name="AboutVerification" time="6.332" classname="MenuBar.About"/>
  <testcase name="Logout" time="2.372" classname="MenuBar.About"/>
  <testcase name="Login" time="38.105" classname="MenuBar.About"/>
</testsuite> <!-- MenuBar.About -->
