<?xml version="1.0" encoding="UTF-8"?>
<!-- Generated by org.testng.reporters.JUnitReportReporter -->
<testsuite skipped="0" hostname="LAPTOP-P3LD1OLC" name="DashBoardOption.dashbordOption" tests="7" failures="0" timestamp="21 Jan 2021 10:44:29 GMT" time="378.238" errors="0">
  <testcase name="Login" time="137.059" classname="DashBoardOption.dashbordOption"/>
  <testcase name="CreateDashboardandViewlet" time="29.233" classname="DashBoardOption.dashbordOption"/>
  <testcase name="saveDashboard" time="17.667" classname="DashBoardOption.dashbordOption"/>
  <testcase name="SaveAs" time="28.047" classname="DashBoardOption.dashbordOption"/>
  <testcase name="Configure" time="61.160" classname="DashBoardOption.dashbordOption"/>
  <testcase name="SetDefultDashborad" time="80.952" classname="DashBoardOption.dashbordOption"/>
  <testcase name="closeTabOftheRight" time="24.120" classname="DashBoardOption.dashbordOption"/>
</testsuite> <!-- DashBoardOption.dashbordOption -->
