<?xml version="1.0" encoding="UTF-8"?>
<!-- Generated by org.testng.reporters.JUnitReportReporter -->
<testsuite hostname="DESKTOP-E1JT2VR" name="SummaryViewlets.OpenExistingSummary" tests="9" failures="0" timestamp="18 Jul 2019 11:17:00 GMT" time="91.639" errors="0">
  <testcase name="Login" time="66.622" classname="SummaryViewlets.OpenExistingSummary"/>
  <testcase name="ValidSearch" time="4.377" classname="SummaryViewlets.OpenExistingSummary"/>
  <testcase name="ButtonsStatus" time="1.095" classname="SummaryViewlets.OpenExistingSummary"/>
  <testcase name="OpenExistingSummaryViewlet" time="6.292" classname="SummaryViewlets.OpenExistingSummary"/>
  <testcase name="SortByAlphabetically" time="2.739" classname="SummaryViewlets.OpenExistingSummary"/>
  <testcase name="ViewByFiletrDetailsOption" time="0.276" classname="SummaryViewlets.OpenExistingSummary"/>
  <testcase name="AllOptionsStatus" time="3.157" classname="SummaryViewlets.OpenExistingSummary"/>
  <testcase name="Logout" time="4.699" classname="SummaryViewlets.OpenExistingSummary"/>
  <testcase name="SelectOpenExistingSummary" time="2.382" classname="SummaryViewlets.OpenExistingSummary"/>
</testsuite> <!-- SummaryViewlets.OpenExistingSummary -->
