<?xml version="1.0" encoding="UTF-8"?>
<!-- Generated by org.testng.reporters.JUnitReportReporter -->
<testsuite hostname="DESKTOP-E1JT2VR" name="SummaryViewlets.SummaryViewlet" tests="10" failures="0" timestamp="10 Jul 2019 13:00:06 GMT" time="124.199" errors="0">
  <testcase name="ObservationOfQuery" time="2.025" classname="SummaryViewlets.SummaryViewlet"/>
  <testcase name="CreateSummaryViewlet" time="6.146" classname="SummaryViewlets.SummaryViewlet"/>
  <testcase name="EditSummaryViewletQuery" time="5.408" classname="SummaryViewlets.SummaryViewlet"/>
  <testcase name="QueryInTemporaryViewlet" time="6.975" classname="SummaryViewlets.SummaryViewlet"/>
  <testcase name="ConsoleTabFunctionality" time="4.218" classname="SummaryViewlets.SummaryViewlet"/>
  <testcase name="Login" time="68.352" classname="SummaryViewlets.SummaryViewlet"/>
  <testcase name="VerifyRecordsCount" time="2.802" classname="SummaryViewlets.SummaryViewlet"/>
  <testcase name="TemporaryViewlet" time="3.314" classname="SummaryViewlets.SummaryViewlet"/>
  <testcase name="Logout" time="4.490" classname="SummaryViewlets.SummaryViewlet"/>
  <testcase name="EditOptionInSummaryViewlet" time="20.469" classname="SummaryViewlets.SummaryViewlet"/>
</testsuite> <!-- SummaryViewlets.SummaryViewlet -->
