<?xml version="1.0" encoding="UTF-8"?>
<!-- Generated by org.testng.reporters.JUnitReportReporter -->
<testsuite hostname="Nastel2" name="GlobalRepositories.GlobalRepo_SampleDevops" tests="4" failures="0" timestamp="30 Mar 2020 06:11:55 GMT" time="96.964" errors="0">
  <testcase name="Logout" time="1.020" classname="GlobalRepositories.GlobalRepo_SampleDevops"/>
  <testcase name="Login" time="37.997" classname="GlobalRepositories.GlobalRepo_SampleDevops"/>
  <testcase name="SelectRepositories" time="47.573" classname="GlobalRepositories.GlobalRepo_SampleDevops"/>
  <testcase name="Build_scorecard" time="10.374" classname="GlobalRepositories.GlobalRepo_SampleDevops"/>
</testsuite> <!-- GlobalRepositories.GlobalRepo_SampleDevops -->
