<?xml version="1.0" encoding="UTF-8"?>
<!-- Generated by org.testng.reporters.JUnitReportReporter -->
<testsuite hostname="DESKTOP-E1JT2VR" name="AdminSettings.GetCollectors" tests="3" failures="0" timestamp="18 Jul 2019 11:29:07 GMT" time="81.243" errors="0">
  <testcase name="GetCollectorsFromSettings" time="23.936" classname="AdminSettings.GetCollectors"/>
  <testcase name="Logout" time="4.614" classname="AdminSettings.GetCollectors"/>
  <testcase name="Login" time="52.693" classname="AdminSettings.GetCollectors"/>
</testsuite> <!-- AdminSettings.GetCollectors -->
