<?xml version="1.0" encoding="UTF-8"?>
<!-- Generated by org.testng.reporters.JUnitReportReporter -->
<testsuite hostname="DESKTOP-E1JT2VR" name="ViewletLevel.CreateViewletWithForm" tests="6" failures="0" timestamp="18 Jul 2019 11:02:20 GMT" time="103.606" errors="0">
  <testcase name="CreateViewletWithAForm" time="11.362" classname="ViewletLevel.CreateViewletWithForm"/>
  <testcase name="CreateViewletButton" time="5.982" classname="ViewletLevel.CreateViewletWithForm"/>
  <testcase name="ButtonsAndStatus" time="3.225" classname="ViewletLevel.CreateViewletWithForm"/>
  <testcase name="Login" time="71.016" classname="ViewletLevel.CreateViewletWithForm"/>
  <testcase name="RightSidePannel" time="7.508" classname="ViewletLevel.CreateViewletWithForm"/>
  <testcase name="Logout" time="4.513" classname="ViewletLevel.CreateViewletWithForm"/>
</testsuite> <!-- ViewletLevel.CreateViewletWithForm -->
