<?xml version="1.0" encoding="UTF-8"?>
<!-- Generated by org.testng.reporters.JUnitReportReporter -->
<testsuite hostname="Nastel2" name="Newscripts.ChangeViewletChart" tests="2" failures="0" timestamp="6 Feb 2020 06:58:11 GMT" time="155.965" errors="0">
  <testcase name="ChartTypes" time="103.360" classname="Newscripts.ChangeViewletChart"/>
  <testcase name="Login" time="52.605" classname="Newscripts.ChangeViewletChart"/>
</testsuite> <!-- Newscripts.ChangeViewletChart -->
