<?xml version="1.0" encoding="UTF-8"?>
<!-- Generated by org.testng.reporters.JUnitReportReporter -->
<testsuite hostname="Nastel2" name="Newscripts.ViewletTest" tests="4" failures="0" timestamp="6 Feb 2020 07:08:28 GMT" time="75.306" errors="0">
  <testcase name="Login" time="40.213" classname="Newscripts.ViewletTest"/>
  <testcase name="TemproryViewlet" time="9.449" classname="Newscripts.ViewletTest"/>
  <testcase name="TearOff" time="18.264" classname="Newscripts.ViewletTest"/>
  <testcase name="movetoDashboard" time="7.380" classname="Newscripts.ViewletTest"/>
</testsuite> <!-- Newscripts.ViewletTest -->
