<?xml version="1.0" encoding="UTF-8"?>
<!-- Generated by org.testng.reporters.JUnitReportReporter -->
<testsuite hostname="DESKTOP-E1JT2VR" name="MenuBar.LandingPage" tests="3" failures="0" timestamp="6 Aug 2019 11:02:26 GMT" time="101.502" errors="0">
  <testcase name="LandingPageVerification" time="60.936" classname="MenuBar.LandingPage"/>
  <testcase name="Logout" time="2.390" classname="MenuBar.LandingPage"/>
  <testcase name="Login" time="38.176" classname="MenuBar.LandingPage"/>
</testsuite> <!-- MenuBar.LandingPage -->
