<?xml version="1.0" encoding="UTF-8"?>
<!-- Generated by org.testng.reporters.JUnitReportReporter -->
<testsuite skipped="0" hostname="LAPTOP-P3LD1OLC" name="MenuBar.MenuBar_Dashboard" tests="6" failures="0" timestamp="29 Jan 2021 10:54:16 GMT" time="127.349" errors="0">
  <testcase name="Login" time="42.868" classname="MenuBar.MenuBar_Dashboard"/>
  <testcase name="CreateDashboardFromMenubar" time="15.277" classname="MenuBar.MenuBar_Dashboard"/>
  <testcase name="SaveDashboardFromMenu" time="12.862" classname="MenuBar.MenuBar_Dashboard"/>
  <testcase name="SaveasDashboardFromMenu" time="7.041" classname="MenuBar.MenuBar_Dashboard"/>
  <testcase name="ChangeDashboardLayoutFromMenubar" time="36.942" classname="MenuBar.MenuBar_Dashboard"/>
  <testcase name="Logout" time="12.359" classname="MenuBar.MenuBar_Dashboard"/>
</testsuite> <!-- MenuBar.MenuBar_Dashboard -->
