<?xml version="1.0" encoding="UTF-8"?>
<!-- Generated by org.testng.reporters.JUnitReportReporter -->
<testsuite hostname="DESKTOP-E1JT2VR" name="ViewletLevel.CreateViewletWithQuery" tests="9" failures="0" timestamp="18 Jul 2019 11:05:01 GMT" time="126.985" errors="0">
  <testcase name="ChangeChartTypeIcon" time="30.913" classname="ViewletLevel.CreateViewletWithQuery"/>
  <testcase name="Logout" time="4.458" classname="ViewletLevel.CreateViewletWithQuery"/>
  <testcase name="ViewletName" time="0.105" classname="ViewletLevel.CreateViewletWithQuery"/>
  <testcase name="CreateViewlet" time="8.753" classname="ViewletLevel.CreateViewletWithQuery"/>
  <testcase name="EditQuery" time="7.797" classname="ViewletLevel.CreateViewletWithQuery"/>
  <testcase name="MinimizeViewlet" time="5.290" classname="ViewletLevel.CreateViewletWithQuery"/>
  <testcase name="Login" time="61.327" classname="ViewletLevel.CreateViewletWithQuery"/>
  <testcase name="Refresh" time="2.156" classname="ViewletLevel.CreateViewletWithQuery"/>
  <testcase name="Reset" time="6.186" classname="ViewletLevel.CreateViewletWithQuery"/>
</testsuite> <!-- ViewletLevel.CreateViewletWithQuery -->
