<?xml version="1.0" encoding="UTF-8"?>
<!-- Generated by org.testng.reporters.JUnitReportReporter -->
<testsuite hostname="DESKTOP-E1JT2VR" name="ViewletLevel.ExistingViewlet" tests="9" failures="0" timestamp="7 Aug 2019 13:25:48 GMT" time="73.793" errors="0">
  <testcase name="OpenExistingViewlet" time="2.707" classname="ViewletLevel.ExistingViewlet"/>
  <testcase name="ViewByFiletrDetailsOption" time="0.284" classname="ViewletLevel.ExistingViewlet"/>
  <testcase name="InValidSearch" time="15.719" classname="ViewletLevel.ExistingViewlet"/>
  <testcase name="Logout" time="4.633" classname="ViewletLevel.ExistingViewlet"/>
  <testcase name="Login" time="40.310" classname="ViewletLevel.ExistingViewlet"/>
  <testcase name="SortByAlphabetically" time="2.542" classname="ViewletLevel.ExistingViewlet"/>
  <testcase name="AllOptionsStatus" time="3.158" classname="ViewletLevel.ExistingViewlet"/>
  <testcase name="ValidSearch" time="2.247" classname="ViewletLevel.ExistingViewlet"/>
  <testcase name="ButtonsStatus" time="2.193" classname="ViewletLevel.ExistingViewlet"/>
</testsuite> <!-- ViewletLevel.ExistingViewlet -->
