<?xml version="1.0" encoding="UTF-8"?>
<!-- Generated by org.testng.reporters.JUnitReportReporter -->
<testsuite hostname="Nastel2" name="Test_Import" tests="2" failures="0" timestamp="4 Feb 2020 12:22:17 GMT" time="52.896" errors="0">
  <testcase name="Login" time="30.675" classname="Test_Import"/>
  <testcase name="importData" time="22.221" classname="Test_Import"/>
</testsuite> <!-- Test_Import -->
