<?xml version="1.0" encoding="UTF-8"?>
<!-- Generated by org.testng.reporters.JUnitReportReporter -->
<testsuite hostname="DESKTOP-E1JT2VR" name="AdminSettings.ViewletTab" tests="5" failures="0" timestamp="5 Aug 2019 11:38:44 GMT" time="76.316" errors="0">
  <testcase name="DataPointsforViewlet" time="11.837" classname="AdminSettings.ViewletTab"/>
  <testcase name="Reset" time="8.044" classname="AdminSettings.ViewletTab"/>
  <testcase name="Logout" time="4.610" classname="AdminSettings.ViewletTab"/>
  <testcase name="DataGroupsforSummaryViewlet" time="12.964" classname="AdminSettings.ViewletTab"/>
  <testcase name="Login" time="38.861" classname="AdminSettings.ViewletTab"/>
</testsuite> <!-- AdminSettings.ViewletTab -->
