<?xml version="1.0" encoding="UTF-8"?>
<!-- Generated by org.testng.reporters.JUnitReportReporter -->
<testsuite hostname="DESKTOP-E1JT2VR" name="SummaryViewlets.CreateBasicSummaryViewlet" tests="15" failures="0" timestamp="18 Jul 2019 11:13:15 GMT" time="150.439" errors="0">
  <testcase name="RemoveSummaryViewlet" time="17.505" classname="SummaryViewlets.CreateBasicSummaryViewlet"/>
  <testcase name="SaveSummaryViewlet" time="2.268" classname="SummaryViewlets.CreateBasicSummaryViewlet"/>
  <testcase name="QueryInTemporaryViewlet" time="6.357" classname="SummaryViewlets.CreateBasicSummaryViewlet"/>
  <testcase name="ObservationOfQuery" time="2.056" classname="SummaryViewlets.CreateBasicSummaryViewlet"/>
  <testcase name="SaveASSummaryViewlet" time="1.035" classname="SummaryViewlets.CreateBasicSummaryViewlet"/>
  <testcase name="TemporaryViewlet" time="3.273" classname="SummaryViewlets.CreateBasicSummaryViewlet"/>
  <testcase name="VerifyRecordsCount" time="2.335" classname="SummaryViewlets.CreateBasicSummaryViewlet"/>
  <testcase name="Logout" time="4.467" classname="SummaryViewlets.CreateBasicSummaryViewlet"/>
  <testcase name="DeleteSummaryViewlet" time="1.087" classname="SummaryViewlets.CreateBasicSummaryViewlet"/>
  <testcase name="Login" time="69.784" classname="SummaryViewlets.CreateBasicSummaryViewlet"/>
  <testcase name="ConsoleTabFunctionality" time="4.251" classname="SummaryViewlets.CreateBasicSummaryViewlet"/>
  <testcase name="ExportSummaryViewlet" time="1.096" classname="SummaryViewlets.CreateBasicSummaryViewlet"/>
  <testcase name="CreateSummaryViewlet" time="8.492" classname="SummaryViewlets.CreateBasicSummaryViewlet"/>
  <testcase name="EditSummaryViewletQuery" time="5.461" classname="SummaryViewlets.CreateBasicSummaryViewlet"/>
  <testcase name="EditOptionInSummaryViewlet" time="20.972" classname="SummaryViewlets.CreateBasicSummaryViewlet"/>
</testsuite> <!-- SummaryViewlets.CreateBasicSummaryViewlet -->
