<?xml version="1.0" encoding="UTF-8"?>
<!-- Generated by org.testng.reporters.JUnitReportReporter -->
<testsuite skipped="0" hostname="LAPTOP-P3LD1OLC" name="ViewletLevel.ViewletLevel_CreateViewletWithForm" tests="6" failures="0" timestamp="29 Jan 2021 10:05:30 GMT" time="134.618" errors="0">
  <testcase name="Login" time="53.346" classname="ViewletLevel.ViewletLevel_CreateViewletWithForm"/>
  <testcase name="CreateViewletWithAForm" time="27.377" classname="ViewletLevel.ViewletLevel_CreateViewletWithForm"/>
  <testcase name="ButtonsAndStatus" time="12.912" classname="ViewletLevel.ViewletLevel_CreateViewletWithForm"/>
  <testcase name="RightSidePannel" time="15.506" classname="ViewletLevel.ViewletLevel_CreateViewletWithForm"/>
  <testcase name="CreateViewletButton" time="17.149" classname="ViewletLevel.ViewletLevel_CreateViewletWithForm"/>
  <testcase name="Logout" time="8.328" classname="ViewletLevel.ViewletLevel_CreateViewletWithForm"/>
</testsuite> <!-- ViewletLevel.ViewletLevel_CreateViewletWithForm -->
