<?xml version="1.0" encoding="UTF-8"?>
<!-- Generated by org.testng.reporters.JUnitReportReporter -->
<testsuite hostname="DESKTOP-E1JT2VR" name="AdminSettings.BrandingLogos" tests="8" failures="0" timestamp="1 Aug 2019 12:16:08 GMT" time="105.829" errors="0">
  <testcase name="Login" time="53.656" classname="AdminSettings.BrandingLogos"/>
  <testcase name="AppLogoLinkURL" time="14.171" classname="AdminSettings.BrandingLogos"/>
  <testcase name="Faviconlogo" time="7.351" classname="AdminSettings.BrandingLogos"/>
  <testcase name="Browser" time="6.530" classname="AdminSettings.BrandingLogos"/>
  <testcase name="Loginlogo" time="6.181" classname="AdminSettings.BrandingLogos"/>
  <testcase name="Closebrowser" time="2.369" classname="AdminSettings.BrandingLogos"/>
  <testcase name="DefaultNastelvaluesCheckbox" time="9.389" classname="AdminSettings.BrandingLogos"/>
  <testcase name="Applogo" time="6.182" classname="AdminSettings.BrandingLogos"/>
</testsuite> <!-- AdminSettings.BrandingLogos -->
