<?xml version="1.0" encoding="UTF-8"?>
<!-- Generated by org.testng.reporters.JUnitReportReporter -->
<testsuite hostname="Nastel2" name="GlobalRepositories.GlobalRepo_SampleIBM_MQTracing" tests="3" failures="0" timestamp="14 Apr 2020 12:40:18 GMT" time="112.443" errors="0">
  <testcase name="SelectRepositories" time="46.806" classname="GlobalRepositories.GlobalRepo_SampleIBM_MQTracing"/>
  <testcase name="Login" time="37.620" classname="GlobalRepositories.GlobalRepo_SampleIBM_MQTracing"/>
  <testcase name="MQ_calls_over_time" time="28.017" classname="GlobalRepositories.GlobalRepo_SampleIBM_MQTracing"/>
</testsuite> <!-- GlobalRepositories.GlobalRepo_SampleIBM_MQTracing -->
