<?xml version="1.0" encoding="UTF-8"?>
<!-- Generated by org.testng.reporters.JUnitReportReporter -->
<testsuite hostname="Nastel2" name="Analyze_Viewlet" tests="8" failures="0" timestamp="19 Feb 2020 10:44:49 GMT" time="119.866" errors="0">
  <testcase name="editAnalyzeViewlet" time="17.721" classname="Analyze_Viewlet"/>
  <testcase name="Login" time="51.465" classname="Analyze_Viewlet"/>
  <testcase name="Today" time="7.391" classname="Analyze_Viewlet"/>
  <testcase name="verifyCalnderDate" time="7.370" classname="Analyze_Viewlet"/>
  <testcase name="year1" time="9.817" classname="Analyze_Viewlet"/>
  <testcase name="Days10" time="7.495" classname="Analyze_Viewlet"/>
  <testcase name="analyzeViewlet" time="10.996" classname="Analyze_Viewlet"/>
  <testcase name="month1" time="7.611" classname="Analyze_Viewlet"/>
</testsuite> <!-- Analyze_Viewlet -->
