<?xml version="1.0" encoding="UTF-8"?>
<!-- Generated by org.testng.reporters.JUnitReportReporter -->
<testsuite hostname="Nastel2" name="GlobalRepositories.GlobalRepo_SampleMiddleware" tests="3" failures="0" timestamp="22 Apr 2020 12:04:26 GMT" time="119.483" errors="0">
  <testcase name="AutoPilot_Insight_for_DataPower_Anomalies" time="44.822" classname="GlobalRepositories.GlobalRepo_SampleMiddleware"/>
  <testcase name="SelectRepositories" time="18.480" classname="GlobalRepositories.GlobalRepo_SampleMiddleware"/>
  <testcase name="Login" time="56.181" classname="GlobalRepositories.GlobalRepo_SampleMiddleware"/>
</testsuite> <!-- GlobalRepositories.GlobalRepo_SampleMiddleware -->
