<?xml version="1.0" encoding="UTF-8"?>
<!-- Generated by org.testng.reporters.JUnitReportReporter -->
<testsuite hostname="DESKTOP-E1JT2VR" name="AdminSettings.TestingAssert" tests="1" failures="0" timestamp="18 Jun 2019 13:02:27 GMT" time="7.684" errors="0">
  <testcase name="Assert" time="7.684" classname="AdminSettings.TestingAssert"/>
</testsuite> <!-- AdminSettings.TestingAssert -->
