<?xml version="1.0" encoding="UTF-8"?>
<!-- Generated by org.testng.reporters.JUnitReportReporter -->
<testsuite skipped="0" hostname="LAPTOP-P3LD1OLC" name="ViewletLevel.ViewletLevel_EditViewletOption" tests="14" failures="0" timestamp="29 Jan 2021 10:27:26 GMT" time="342.494" errors="0">
  <testcase name="Login" time="53.514" classname="ViewletLevel.ViewletLevel_EditViewletOption"/>
  <testcase name="CreateViewletWithAForm" time="27.590" classname="ViewletLevel.ViewletLevel_EditViewletOption"/>
  <testcase name="EditOptionInViewletMenu" time="12.160" classname="ViewletLevel.ViewletLevel_EditViewletOption"/>
  <testcase name="EditviewletWindowOptions" time="18.188" classname="ViewletLevel.ViewletLevel_EditViewletOption"/>
  <testcase name="CloseButton" time="19.613" classname="ViewletLevel.ViewletLevel_EditViewletOption"/>
  <testcase name="PreviewButton" time="21.452" classname="ViewletLevel.ViewletLevel_EditViewletOption"/>
  <testcase name="ApplyButton" time="5.245" classname="ViewletLevel.ViewletLevel_EditViewletOption"/>
  <testcase name="SaveOption" time="20.136" classname="ViewletLevel.ViewletLevel_EditViewletOption"/>
  <testcase name="SaveAsOption" time="20.105" classname="ViewletLevel.ViewletLevel_EditViewletOption"/>
  <testcase name="RemoveOption" time="55.865" classname="ViewletLevel.ViewletLevel_EditViewletOption"/>
  <testcase name="DeleteOption" time="6.147" classname="ViewletLevel.ViewletLevel_EditViewletOption"/>
  <testcase name="ExportOption" time="6.428" classname="ViewletLevel.ViewletLevel_EditViewletOption"/>
  <testcase name="shareviewlet" time="66.067" classname="ViewletLevel.ViewletLevel_EditViewletOption"/>
  <testcase name="Logout" time="9.984" classname="ViewletLevel.ViewletLevel_EditViewletOption"/>
</testsuite> <!-- ViewletLevel.ViewletLevel_EditViewletOption -->
