<?xml version="1.0" encoding="UTF-8"?>
<!-- Generated by org.testng.reporters.JUnitReportReporter -->
<testsuite hostname="Nastel2" name="Newscripts.ShareViewlet" tests="2" failures="0" timestamp="6 Feb 2020 07:12:35 GMT" time="125.940" errors="0">
  <testcase name="shareviewlet" time="47.363" classname="Newscripts.ShareViewlet"/>
  <testcase name="Login" time="78.577" classname="Newscripts.ShareViewlet"/>
</testsuite> <!-- Newscripts.ShareViewlet -->
