<?xml version="1.0" encoding="UTF-8"?>
<!-- Generated by org.testng.reporters.JUnitReportReporter -->
<testsuite hostname="Nastel2" name="GlobalRepositories.GlobalRepo_SampleIOTSports" tests="3" failures="0" timestamp="29 Jun 2020 10:21:57 GMT" time="101.279" errors="0">
  <testcase name="Event_Severity_Levels" time="22.619" classname="GlobalRepositories.GlobalRepo_SampleIOTSports"/>
  <testcase name="SelectRepositories" time="19.223" classname="GlobalRepositories.GlobalRepo_SampleIOTSports"/>
  <testcase name="Login" time="59.437" classname="GlobalRepositories.GlobalRepo_SampleIOTSports"/>
</testsuite> <!-- GlobalRepositories.GlobalRepo_SampleIOTSports -->
