<?xml version="1.0" encoding="UTF-8"?>
<!-- Generated by org.testng.reporters.JUnitReportReporter -->
<testsuite skipped="0" hostname="LAPTOP-P3LD1OLC" name="SummaryViewlets.SummaryViewlet_OpenExistingSummary" tests="9" failures="0" timestamp="29 Jan 2021 09:42:34 GMT" time="125.593" errors="0">
  <testcase name="Login" time="55.957" classname="SummaryViewlets.SummaryViewlet_OpenExistingSummary"/>
  <testcase name="SelectOpenExistingSummary" time="12.266" classname="SummaryViewlets.SummaryViewlet_OpenExistingSummary"/>
  <testcase name="AllOptionsStatus" time="2.084" classname="SummaryViewlets.SummaryViewlet_OpenExistingSummary"/>
  <testcase name="ViewByFiletrDetailsOption" time="5.573" classname="SummaryViewlets.SummaryViewlet_OpenExistingSummary"/>
  <testcase name="SortByAlphabetically" time="4.996" classname="SummaryViewlets.SummaryViewlet_OpenExistingSummary"/>
  <testcase name="ValidSearch" time="11.153" classname="SummaryViewlets.SummaryViewlet_OpenExistingSummary"/>
  <testcase name="ButtonsStatus" time="5.611" classname="SummaryViewlets.SummaryViewlet_OpenExistingSummary"/>
  <testcase name="OpenExistingSummaryViewlet" time="13.779" classname="SummaryViewlets.SummaryViewlet_OpenExistingSummary"/>
  <testcase name="Logout" time="14.174" classname="SummaryViewlets.SummaryViewlet_OpenExistingSummary"/>
</testsuite> <!-- SummaryViewlets.SummaryViewlet_OpenExistingSummary -->
